<?xml version="1.0" encoding="UTF-8"?>
<!-- Generated by org.testng.reporters.JUnitReportReporter -->
<testsuite hostname="DESKTOP-RL1SFCJ" failures="0" tests="1" name="RESTApiTest.DefaultApi" time="1.773" errors="0" timestamp="2025-07-22T20:09:15 EDT" skipped="0">
  <testcase classname="RESTApiTest.DefaultApi" name="getUsers" time="1.773"/>
</testsuite> <!-- RESTApiTest.DefaultApi -->
